app/build/intermediates/manifest_merge_blame_file/debug/processDebugMainManifest/manifest-merger-blame-debug-report.txt
1<?xml version="1.0" encoding="utf-8"?>
2<manifest xmlns:android="http://schemas.android.com/apk/res/android"
3    package="com.anthropic.balanceapp.debug"
4    android:versionCode="1"
5    android:versionName="1.0.0" >
6
7    <uses-sdk
8        android:minSdkVersion="26"
9        android:targetSdkVersion="35" />
10
11    <uses-permission android:name="android.permission.INTERNET" />
11-->src/main/AndroidManifest.xml:4:5-67
11-->src/main/AndroidManifest.xml:4:22-64
12    <uses-permission android:name="android.permission.RECEIVE_BOOT_COMPLETED" />
12-->src/main/AndroidManifest.xml:5:5-81
12-->src/main/AndroidManifest.xml:5:22-78
13    <uses-permission android:name="android.permission.POST_NOTIFICATIONS" />
13-->src/main/AndroidManifest.xml:6:5-77
13-->src/main/AndroidManifest.xml:6:22-74
14    <uses-permission
14-->src/main/AndroidManifest.xml:7:5-8:38
15        android:name="android.permission.SCHEDULE_EXACT_ALARM"
15-->src/main/AndroidManifest.xml:7:22-76
16        android:maxSdkVersion="32" />
16-->src/main/AndroidManifest.xml:8:9-35
17    <uses-permission android:name="android.permission.USE_EXACT_ALARM" />
17-->src/main/AndroidManifest.xml:9:5-74
17-->src/main/AndroidManifest.xml:9:22-71
18    <uses-permission android:name="android.permission.WAKE_LOCK" />
18-->[androidx.work:work-runtime:2.9.1] AndroidManifest.xml:23:5-68
18-->[androidx.work:work-runtime:2.9.1] AndroidManifest.xml:23:22-65
19    <uses-permission android:name="android.permission.ACCESS_NETWORK_STATE" />
19-->[androidx.work:work-runtime:2.9.1] AndroidManifest.xml:24:5-79
19-->[androidx.work:work-runtime:2.9.1] AndroidManifest.xml:24:22-76
20    <uses-permission android:name="android.permission.FOREGROUND_SERVICE" />
20-->[androidx.work:work-runtime:2.9.1] AndroidManifest.xml:26:5-77
20-->[androidx.work:work-runtime:2.9.1] AndroidManifest.xml:26:22-74
21
22    <permission
22-->[androidx.core:core:1.13.1] AndroidManifest.xml:22:5-24:47
23        android:name="com.anthropic.balanceapp.debug.DYNAMIC_RECEIVER_NOT_EXPORTED_PERMISSION"
23-->[androidx.core:core:1.13.1] AndroidManifest.xml:23:9-81
24        android:protectionLevel="signature" />
24-->[androidx.core:core:1.13.1] AndroidManifest.xml:24:9-44
25
26    <uses-permission android:name="com.anthropic.balanceapp.debug.DYNAMIC_RECEIVER_NOT_EXPORTED_PERMISSION" />
26-->[androidx.core:core:1.13.1] AndroidManifest.xml:26:5-97
26-->[androidx.core:core:1.13.1] AndroidManifest.xml:26:22-94
27
28    <application
28-->src/main/AndroidManifest.xml:11:5-66:19
29        android:name="com.anthropic.balanceapp.BalanceApplication"
29-->src/main/AndroidManifest.xml:12:9-43
30        android:allowBackup="true"
30-->src/main/AndroidManifest.xml:13:9-35
31        android:appComponentFactory="androidx.core.app.CoreComponentFactory"
31-->[androidx.core:core:1.13.1] AndroidManifest.xml:28:18-86
32        android:dataExtractionRules="@xml/data_extraction_rules"
32-->src/main/AndroidManifest.xml:14:9-65
33        android:debuggable="true"
34        android:extractNativeLibs="false"
35        android:fullBackupContent="@xml/backup_rules"
35-->src/main/AndroidManifest.xml:15:9-54
36        android:icon="@mipmap/ic_launcher"
36-->src/main/AndroidManifest.xml:16:9-43
37        android:label="@string/app_name"
37-->src/main/AndroidManifest.xml:17:9-41
38        android:roundIcon="@mipmap/ic_launcher_round"
38-->src/main/AndroidManifest.xml:18:9-54
39        android:supportsRtl="true"
39-->src/main/AndroidManifest.xml:19:9-35
40        android:theme="@style/Theme.BalanceApp" >
40-->src/main/AndroidManifest.xml:20:9-48
41        <activity
41-->src/main/AndroidManifest.xml:22:9-31:20
42            android:name="com.anthropic.balanceapp.MainActivity"
42-->src/main/AndroidManifest.xml:23:13-41
43            android:exported="true"
43-->src/main/AndroidManifest.xml:24:13-36
44            android:label="@string/app_name"
44-->src/main/AndroidManifest.xml:25:13-45
45            android:theme="@style/Theme.BalanceApp" >
45-->src/main/AndroidManifest.xml:26:13-52
46            <intent-filter>
46-->src/main/AndroidManifest.xml:27:13-30:29
47                <action android:name="android.intent.action.MAIN" />
47-->src/main/AndroidManifest.xml:28:17-69
47-->src/main/AndroidManifest.xml:28:25-66
48
49                <category android:name="android.intent.category.LAUNCHER" />
49-->src/main/AndroidManifest.xml:29:17-77
49-->src/main/AndroidManifest.xml:29:27-74
50            </intent-filter>
51        </activity>
52        <activity
52-->src/main/AndroidManifest.xml:33:9-38:58
53            android:name="com.anthropic.balanceapp.ui.login.LoginWebViewActivity"
53-->src/main/AndroidManifest.xml:34:13-58
54            android:exported="false"
54-->src/main/AndroidManifest.xml:35:13-37
55            android:label="Sign in to Claude.ai"
55-->src/main/AndroidManifest.xml:36:13-49
56            android:theme="@style/Theme.BalanceApp"
56-->src/main/AndroidManifest.xml:37:13-52
57            android:windowSoftInputMode="adjustResize" />
57-->src/main/AndroidManifest.xml:38:13-55
58
59        <!-- Widget Receiver -->
60        <receiver
60-->src/main/AndroidManifest.xml:41:9-51:20
61            android:name="com.anthropic.balanceapp.widget.ClaudeWidgetReceiver"
61-->src/main/AndroidManifest.xml:42:13-56
62            android:exported="true"
62-->src/main/AndroidManifest.xml:43:13-36
63            android:label="Claude Usage Widget" >
63-->src/main/AndroidManifest.xml:44:13-48
64            <intent-filter>
64-->src/main/AndroidManifest.xml:45:13-47:29
65                <action android:name="android.appwidget.action.APPWIDGET_UPDATE" />
65-->src/main/AndroidManifest.xml:46:17-84
65-->src/main/AndroidManifest.xml:46:25-81
66            </intent-filter>
67
68            <meta-data
68-->src/main/AndroidManifest.xml:48:13-50:62
69                android:name="android.appwidget.provider"
69-->src/main/AndroidManifest.xml:49:17-58
70                android:resource="@xml/claude_widget_info" />
70-->src/main/AndroidManifest.xml:50:17-59
71        </receiver>
72
73        <!-- WorkManager worker -->
74        <provider
75            android:name="androidx.startup.InitializationProvider"
75-->src/main/AndroidManifest.xml:55:13-67
76            android:authorities="com.anthropic.balanceapp.debug.androidx-startup"
76-->src/main/AndroidManifest.xml:56:13-68
77            android:exported="false" >
77-->src/main/AndroidManifest.xml:57:13-37
78            <meta-data
78-->[androidx.lifecycle:lifecycle-process:2.8.7] AndroidManifest.xml:29:13-31:52
79                android:name="androidx.lifecycle.ProcessLifecycleInitializer"
79-->[androidx.lifecycle:lifecycle-process:2.8.7] AndroidManifest.xml:30:17-78
80                android:value="androidx.startup" />
80-->[androidx.lifecycle:lifecycle-process:2.8.7] AndroidManifest.xml:31:17-49
81            <meta-data
81-->[androidx.emoji2:emoji2:1.3.0] AndroidManifest.xml:29:13-31:52
82                android:name="androidx.emoji2.text.EmojiCompatInitializer"
82-->[androidx.emoji2:emoji2:1.3.0] AndroidManifest.xml:30:17-75
83                android:value="androidx.startup" />
83-->[androidx.emoji2:emoji2:1.3.0] AndroidManifest.xml:31:17-49
84            <meta-data
84-->[androidx.profileinstaller:profileinstaller:1.3.1] AndroidManifest.xml:29:13-31:52
85                android:name="androidx.profileinstaller.ProfileInstallerInitializer"
85-->[androidx.profileinstaller:profileinstaller:1.3.1] AndroidManifest.xml:30:17-85
86                android:value="androidx.startup" />
86-->[androidx.profileinstaller:profileinstaller:1.3.1] AndroidManifest.xml:31:17-49
87        </provider>
88
89        <activity
89-->[androidx.glance:glance-appwidget:1.1.1] AndroidManifest.xml:23:9-28:62
90            android:name="androidx.glance.appwidget.action.ActionTrampolineActivity"
90-->[androidx.glance:glance-appwidget:1.1.1] AndroidManifest.xml:24:13-85
91            android:enabled="true"
91-->[androidx.glance:glance-appwidget:1.1.1] AndroidManifest.xml:25:13-35
92            android:excludeFromRecents="true"
92-->[androidx.glance:glance-appwidget:1.1.1] AndroidManifest.xml:26:13-46
93            android:exported="false"
93-->[androidx.glance:glance-appwidget:1.1.1] AndroidManifest.xml:27:13-37
94            android:theme="@android:style/Theme.NoDisplay" />
94-->[androidx.glance:glance-appwidget:1.1.1] AndroidManifest.xml:28:13-59
95        <activity
95-->[androidx.glance:glance-appwidget:1.1.1] AndroidManifest.xml:29:9-36:81
96            android:name="androidx.glance.appwidget.action.InvisibleActionTrampolineActivity"
96-->[androidx.glance:glance-appwidget:1.1.1] AndroidManifest.xml:30:13-94
97            android:enabled="true"
97-->[androidx.glance:glance-appwidget:1.1.1] AndroidManifest.xml:31:13-35
98            android:exported="false"
98-->[androidx.glance:glance-appwidget:1.1.1] AndroidManifest.xml:32:13-37
99            android:launchMode="singleInstance"
99-->[androidx.glance:glance-appwidget:1.1.1] AndroidManifest.xml:33:13-48
100            android:noHistory="true"
100-->[androidx.glance:glance-appwidget:1.1.1] AndroidManifest.xml:34:13-37
101            android:taskAffinity="androidx.glance.appwidget.ListAdapterCallbackTrampoline"
101-->[androidx.glance:glance-appwidget:1.1.1] AndroidManifest.xml:35:13-91
102            android:theme="@style/Widget.Glance.AppWidget.CallbackTrampoline" />
102-->[androidx.glance:glance-appwidget:1.1.1] AndroidManifest.xml:36:13-78
103
104        <receiver
104-->[androidx.glance:glance-appwidget:1.1.1] AndroidManifest.xml:38:9-41:40
105            android:name="androidx.glance.appwidget.action.ActionCallbackBroadcastReceiver"
105-->[androidx.glance:glance-appwidget:1.1.1] AndroidManifest.xml:39:13-92
106            android:enabled="true"
106-->[androidx.glance:glance-appwidget:1.1.1] AndroidManifest.xml:40:13-35
107            android:exported="false" />
107-->[androidx.glance:glance-appwidget:1.1.1] AndroidManifest.xml:41:13-37
108        <receiver
108-->[androidx.glance:glance-appwidget:1.1.1] AndroidManifest.xml:42:9-45:40
109            android:name="androidx.glance.appwidget.UnmanagedSessionReceiver"
109-->[androidx.glance:glance-appwidget:1.1.1] AndroidManifest.xml:43:13-78
110            android:enabled="true"
110-->[androidx.glance:glance-appwidget:1.1.1] AndroidManifest.xml:44:13-35
111            android:exported="false" />
111-->[androidx.glance:glance-appwidget:1.1.1] AndroidManifest.xml:45:13-37
112        <receiver
112-->[androidx.glance:glance-appwidget:1.1.1] AndroidManifest.xml:46:9-53:20
113            android:name="androidx.glance.appwidget.MyPackageReplacedReceiver"
113-->[androidx.glance:glance-appwidget:1.1.1] AndroidManifest.xml:47:13-79
114            android:enabled="true"
114-->[androidx.glance:glance-appwidget:1.1.1] AndroidManifest.xml:48:13-35
115            android:exported="false" >
115-->[androidx.glance:glance-appwidget:1.1.1] AndroidManifest.xml:49:13-37
116            <intent-filter>
116-->[androidx.glance:glance-appwidget:1.1.1] AndroidManifest.xml:50:13-52:29
117                <action android:name="android.intent.action.MY_PACKAGE_REPLACED" />
117-->[androidx.glance:glance-appwidget:1.1.1] AndroidManifest.xml:51:17-84
117-->[androidx.glance:glance-appwidget:1.1.1] AndroidManifest.xml:51:25-81
118            </intent-filter>
119        </receiver>
120
121        <service
121-->[androidx.glance:glance-appwidget:1.1.1] AndroidManifest.xml:55:9-58:72
122            android:name="androidx.glance.appwidget.GlanceRemoteViewsService"
122-->[androidx.glance:glance-appwidget:1.1.1] AndroidManifest.xml:56:13-78
123            android:exported="true"
123-->[androidx.glance:glance-appwidget:1.1.1] AndroidManifest.xml:57:13-36
124            android:permission="android.permission.BIND_REMOTEVIEWS" />
124-->[androidx.glance:glance-appwidget:1.1.1] AndroidManifest.xml:58:13-69
125
126        <activity
126-->[androidx.compose.ui:ui-tooling-android:1.7.5] AndroidManifest.xml:23:9-25:39
127            android:name="androidx.compose.ui.tooling.PreviewActivity"
127-->[androidx.compose.ui:ui-tooling-android:1.7.5] AndroidManifest.xml:24:13-71
128            android:exported="true" />
128-->[androidx.compose.ui:ui-tooling-android:1.7.5] AndroidManifest.xml:25:13-36
129        <activity
129-->[androidx.compose.ui:ui-test-manifest:1.7.5] AndroidManifest.xml:23:9-25:39
130            android:name="androidx.activity.ComponentActivity"
130-->[androidx.compose.ui:ui-test-manifest:1.7.5] AndroidManifest.xml:24:13-63
131            android:exported="true" />
131-->[androidx.compose.ui:ui-test-manifest:1.7.5] AndroidManifest.xml:25:13-36
132
133        <service
133-->[androidx.work:work-runtime:2.9.1] AndroidManifest.xml:39:9-45:35
134            android:name="androidx.work.impl.background.systemalarm.SystemAlarmService"
134-->[androidx.work:work-runtime:2.9.1] AndroidManifest.xml:40:13-88
135            android:directBootAware="false"
135-->[androidx.work:work-runtime:2.9.1] AndroidManifest.xml:41:13-44
136            android:enabled="@bool/enable_system_alarm_service_default"
136-->[androidx.work:work-runtime:2.9.1] AndroidManifest.xml:42:13-72
137            android:exported="false" />
137-->[androidx.work:work-runtime:2.9.1] AndroidManifest.xml:43:13-37
138        <service
138-->[androidx.work:work-runtime:2.9.1] AndroidManifest.xml:46:9-52:35
139            android:name="androidx.work.impl.background.systemjob.SystemJobService"
139-->[androidx.work:work-runtime:2.9.1] AndroidManifest.xml:47:13-84
140            android:directBootAware="false"
140-->[androidx.work:work-runtime:2.9.1] AndroidManifest.xml:48:13-44
141            android:enabled="@bool/enable_system_job_service_default"
141-->[androidx.work:work-runtime:2.9.1] AndroidManifest.xml:49:13-70
142            android:exported="true"
142-->[androidx.work:work-runtime:2.9.1] AndroidManifest.xml:50:13-36
143            android:permission="android.permission.BIND_JOB_SERVICE" />
143-->[androidx.work:work-runtime:2.9.1] AndroidManifest.xml:51:13-69
144        <service
144-->[androidx.work:work-runtime:2.9.1] AndroidManifest.xml:53:9-59:35
145            android:name="androidx.work.impl.foreground.SystemForegroundService"
145-->[androidx.work:work-runtime:2.9.1] AndroidManifest.xml:54:13-81
146            android:directBootAware="false"
146-->[androidx.work:work-runtime:2.9.1] AndroidManifest.xml:55:13-44
147            android:enabled="@bool/enable_system_foreground_service_default"
147-->[androidx.work:work-runtime:2.9.1] AndroidManifest.xml:56:13-77
148            android:exported="false" />
148-->[androidx.work:work-runtime:2.9.1] AndroidManifest.xml:57:13-37
149
150        <receiver
150-->[androidx.work:work-runtime:2.9.1] AndroidManifest.xml:61:9-66:35
151            android:name="androidx.work.impl.utils.ForceStopRunnable$BroadcastReceiver"
151-->[androidx.work:work-runtime:2.9.1] AndroidManifest.xml:62:13-88
152            android:directBootAware="false"
152-->[androidx.work:work-runtime:2.9.1] AndroidManifest.xml:63:13-44
153            android:enabled="true"
153-->[androidx.work:work-runtime:2.9.1] AndroidManifest.xml:64:13-35
154            android:exported="false" />
154-->[androidx.work:work-runtime:2.9.1] AndroidManifest.xml:65:13-37
155        <receiver
155-->[androidx.work:work-runtime:2.9.1] AndroidManifest.xml:67:9-77:20
156            android:name="androidx.work.impl.background.systemalarm.ConstraintProxy$BatteryChargingProxy"
156-->[androidx.work:work-runtime:2.9.1] AndroidManifest.xml:68:13-106
157            android:directBootAware="false"
157-->[androidx.work:work-runtime:2.9.1] AndroidManifest.xml:69:13-44
158            android:enabled="false"
158-->[androidx.work:work-runtime:2.9.1] AndroidManifest.xml:70:13-36
159            android:exported="false" >
159-->[androidx.work:work-runtime:2.9.1] AndroidManifest.xml:71:13-37
160            <intent-filter>
160-->[androidx.work:work-runtime:2.9.1] AndroidManifest.xml:73:13-76:29
161                <action android:name="android.intent.action.ACTION_POWER_CONNECTED" />
161-->[androidx.work:work-runtime:2.9.1] AndroidManifest.xml:74:17-87
161-->[androidx.work:work-runtime:2.9.1] AndroidManifest.xml:74:25-84
162                <action android:name="android.intent.action.ACTION_POWER_DISCONNECTED" />
162-->[androidx.work:work-runtime:2.9.1] AndroidManifest.xml:75:17-90
162-->[androidx.work:work-runtime:2.9.1] AndroidManifest.xml:75:25-87
163            </intent-filter>
164        </receiver>
165        <receiver
165-->[androidx.work:work-runtime:2.9.1] AndroidManifest.xml:78:9-88:20
166            android:name="androidx.work.impl.background.systemalarm.ConstraintProxy$BatteryNotLowProxy"
166-->[androidx.work:work-runtime:2.9.1] AndroidManifest.xml:79:13-104
167            android:directBootAware="false"
167-->[androidx.work:work-runtime:2.9.1] AndroidManifest.xml:80:13-44
168            android:enabled="false"
168-->[androidx.work:work-runtime:2.9.1] AndroidManifest.xml:81:13-36
169            android:exported="false" >
169-->[androidx.work:work-runtime:2.9.1] AndroidManifest.xml:82:13-37
170            <intent-filter>
170-->[androidx.work:work-runtime:2.9.1] AndroidManifest.xml:84:13-87:29
171                <action android:name="android.intent.action.BATTERY_OKAY" />
171-->[androidx.work:work-runtime:2.9.1] AndroidManifest.xml:85:17-77
171-->[androidx.work:work-runtime:2.9.1] AndroidManifest.xml:85:25-74
172                <action android:name="android.intent.action.BATTERY_LOW" />
172-->[androidx.work:work-runtime:2.9.1] AndroidManifest.xml:86:17-76
172-->[androidx.work:work-runtime:2.9.1] AndroidManifest.xml:86:25-73
173            </intent-filter>
174        </receiver>
175        <receiver
175-->[androidx.work:work-runtime:2.9.1] AndroidManifest.xml:89:9-99:20
176            android:name="androidx.work.impl.background.systemalarm.ConstraintProxy$StorageNotLowProxy"
176-->[androidx.work:work-runtime:2.9.1] AndroidManifest.xml:90:13-104
177            android:directBootAware="false"
177-->[androidx.work:work-runtime:2.9.1] AndroidManifest.xml:91:13-44
178            android:enabled="false"
178-->[androidx.work:work-runtime:2.9.1] AndroidManifest.xml:92:13-36
179            android:exported="false" >
179-->[androidx.work:work-runtime:2.9.1] AndroidManifest.xml:93:13-37
180            <intent-filter>
180-->[androidx.work:work-runtime:2.9.1] AndroidManifest.xml:95:13-98:29
181                <action android:name="android.intent.action.DEVICE_STORAGE_LOW" />
181-->[androidx.work:work-runtime:2.9.1] AndroidManifest.xml:96:17-83
181-->[androidx.work:work-runtime:2.9.1] AndroidManifest.xml:96:25-80
182                <action android:name="android.intent.action.DEVICE_STORAGE_OK" />
182-->[androidx.work:work-runtime:2.9.1] AndroidManifest.xml:97:17-82
182-->[androidx.work:work-runtime:2.9.1] AndroidManifest.xml:97:25-79
183            </intent-filter>
184        </receiver>
185        <receiver
185-->[androidx.work:work-runtime:2.9.1] AndroidManifest.xml:100:9-109:20
186            android:name="androidx.work.impl.background.systemalarm.ConstraintProxy$NetworkStateProxy"
186-->[androidx.work:work-runtime:2.9.1] AndroidManifest.xml:101:13-103
187            android:directBootAware="false"
187-->[androidx.work:work-runtime:2.9.1] AndroidManifest.xml:102:13-44
188            android:enabled="false"
188-->[androidx.work:work-runtime:2.9.1] AndroidManifest.xml:103:13-36
189            android:exported="false" >
189-->[androidx.work:work-runtime:2.9.1] AndroidManifest.xml:104:13-37
190            <intent-filter>
190-->[androidx.work:work-runtime:2.9.1] AndroidManifest.xml:106:13-108:29
191                <action android:name="android.net.conn.CONNECTIVITY_CHANGE" />
191-->[androidx.work:work-runtime:2.9.1] AndroidManifest.xml:107:17-79
191-->[androidx.work:work-runtime:2.9.1] AndroidManifest.xml:107:25-76
192            </intent-filter>
193        </receiver>
194        <receiver
194-->[androidx.work:work-runtime:2.9.1] AndroidManifest.xml:110:9-121:20
195            android:name="androidx.work.impl.background.systemalarm.RescheduleReceiver"
195-->[androidx.work:work-runtime:2.9.1] AndroidManifest.xml:111:13-88
196            android:directBootAware="false"
196-->[androidx.work:work-runtime:2.9.1] AndroidManifest.xml:112:13-44
197            android:enabled="false"
197-->[androidx.work:work-runtime:2.9.1] AndroidManifest.xml:113:13-36
198            android:exported="false" >
198-->[androidx.work:work-runtime:2.9.1] AndroidManifest.xml:114:13-37
199            <intent-filter>
199-->[androidx.work:work-runtime:2.9.1] AndroidManifest.xml:116:13-120:29
200                <action android:name="android.intent.action.BOOT_COMPLETED" />
200-->[androidx.work:work-runtime:2.9.1] AndroidManifest.xml:117:17-79
200-->[androidx.work:work-runtime:2.9.1] AndroidManifest.xml:117:25-76
201                <action android:name="android.intent.action.TIME_SET" />
201-->[androidx.work:work-runtime:2.9.1] AndroidManifest.xml:118:17-73
201-->[androidx.work:work-runtime:2.9.1] AndroidManifest.xml:118:25-70
202                <action android:name="android.intent.action.TIMEZONE_CHANGED" />
202-->[androidx.work:work-runtime:2.9.1] AndroidManifest.xml:119:17-81
202-->[androidx.work:work-runtime:2.9.1] AndroidManifest.xml:119:25-78
203            </intent-filter>
204        </receiver>
205        <receiver
205-->[androidx.work:work-runtime:2.9.1] AndroidManifest.xml:122:9-131:20
206            android:name="androidx.work.impl.background.systemalarm.ConstraintProxyUpdateReceiver"
206-->[androidx.work:work-runtime:2.9.1] AndroidManifest.xml:123:13-99
207            android:directBootAware="false"
207-->[androidx.work:work-runtime:2.9.1] AndroidManifest.xml:124:13-44
208            android:enabled="@bool/enable_system_alarm_service_default"
208-->[androidx.work:work-runtime:2.9.1] AndroidManifest.xml:125:13-72
209            android:exported="false" >
209-->[androidx.work:work-runtime:2.9.1] AndroidManifest.xml:126:13-37
210            <intent-filter>
210-->[androidx.work:work-runtime:2.9.1] AndroidManifest.xml:128:13-130:29
211                <action android:name="androidx.work.impl.background.systemalarm.UpdateProxies" />
211-->[androidx.work:work-runtime:2.9.1] AndroidManifest.xml:129:17-98
211-->[androidx.work:work-runtime:2.9.1] AndroidManifest.xml:129:25-95
212            </intent-filter>
213        </receiver>
214        <receiver
214-->[androidx.work:work-runtime:2.9.1] AndroidManifest.xml:132:9-142:20
215            android:name="androidx.work.impl.diagnostics.DiagnosticsReceiver"
215-->[androidx.work:work-runtime:2.9.1] AndroidManifest.xml:133:13-78
216            android:directBootAware="false"
216-->[androidx.work:work-runtime:2.9.1] AndroidManifest.xml:134:13-44
217            android:enabled="true"
217-->[androidx.work:work-runtime:2.9.1] AndroidManifest.xml:135:13-35
218            android:exported="true"
218-->[androidx.work:work-runtime:2.9.1] AndroidManifest.xml:136:13-36
219            android:permission="android.permission.DUMP" >
219-->[androidx.work:work-runtime:2.9.1] AndroidManifest.xml:137:13-57
220            <intent-filter>
220-->[androidx.work:work-runtime:2.9.1] AndroidManifest.xml:139:13-141:29
221                <action android:name="androidx.work.diagnostics.REQUEST_DIAGNOSTICS" />
221-->[androidx.work:work-runtime:2.9.1] AndroidManifest.xml:140:17-88
221-->[androidx.work:work-runtime:2.9.1] AndroidManifest.xml:140:25-85
222            </intent-filter>
223        </receiver>
224
225        <service
225-->[androidx.core:core-remoteviews:1.1.0] AndroidManifest.xml:24:9-27:63
226            android:name="androidx.core.widget.RemoteViewsCompatService"
226-->[androidx.core:core-remoteviews:1.1.0] AndroidManifest.xml:25:13-73
227            android:permission="android.permission.BIND_REMOTEVIEWS" />
227-->[androidx.core:core-remoteviews:1.1.0] AndroidManifest.xml:26:13-69
228        <service
228-->[androidx.room:room-runtime:2.5.0] AndroidManifest.xml:24:9-28:63
229            android:name="androidx.room.MultiInstanceInvalidationService"
229-->[androidx.room:room-runtime:2.5.0] AndroidManifest.xml:25:13-74
230            android:directBootAware="true"
230-->[androidx.room:room-runtime:2.5.0] AndroidManifest.xml:26:13-43
231            android:exported="false" />
231-->[androidx.room:room-runtime:2.5.0] AndroidManifest.xml:27:13-37
232
233        <receiver
233-->[androidx.profileinstaller:profileinstaller:1.3.1] AndroidManifest.xml:34:9-52:20
234            android:name="androidx.profileinstaller.ProfileInstallReceiver"
234-->[androidx.profileinstaller:profileinstaller:1.3.1] AndroidManifest.xml:35:13-76
235            android:directBootAware="false"
235-->[androidx.profileinstaller:profileinstaller:1.3.1] AndroidManifest.xml:36:13-44
236            android:enabled="true"
236-->[androidx.profileinstaller:profileinstaller:1.3.1] AndroidManifest.xml:37:13-35
237            android:exported="true"
237-->[androidx.profileinstaller:profileinstaller:1.3.1] AndroidManifest.xml:38:13-36
238            android:permission="android.permission.DUMP" >
238-->[androidx.profileinstaller:profileinstaller:1.3.1] AndroidManifest.xml:39:13-57
239            <intent-filter>
239-->[androidx.profileinstaller:profileinstaller:1.3.1] AndroidManifest.xml:40:13-42:29
240                <action android:name="androidx.profileinstaller.action.INSTALL_PROFILE" />
240-->[androidx.profileinstaller:profileinstaller:1.3.1] AndroidManifest.xml:41:17-91
240-->[androidx.profileinstaller:profileinstaller:1.3.1] AndroidManifest.xml:41:25-88
241            </intent-filter>
242            <intent-filter>
242-->[androidx.profileinstaller:profileinstaller:1.3.1] AndroidManifest.xml:43:13-45:29
243                <action android:name="androidx.profileinstaller.action.SKIP_FILE" />
243-->[androidx.profileinstaller:profileinstaller:1.3.1] AndroidManifest.xml:44:17-85
243-->[androidx.profileinstaller:profileinstaller:1.3.1] AndroidManifest.xml:44:25-82
244            </intent-filter>
245            <intent-filter>
245-->[androidx.profileinstaller:profileinstaller:1.3.1] AndroidManifest.xml:46:13-48:29
246                <action android:name="androidx.profileinstaller.action.SAVE_PROFILE" />
246-->[androidx.profileinstaller:profileinstaller:1.3.1] AndroidManifest.xml:47:17-88
246-->[androidx.profileinstaller:profileinstaller:1.3.1] AndroidManifest.xml:47:25-85
247            </intent-filter>
248            <intent-filter>
248-->[androidx.profileinstaller:profileinstaller:1.3.1] AndroidManifest.xml:49:13-51:29
249                <action android:name="androidx.profileinstaller.action.BENCHMARK_OPERATION" />
249-->[androidx.profileinstaller:profileinstaller:1.3.1] AndroidManifest.xml:50:17-95
249-->[androidx.profileinstaller:profileinstaller:1.3.1] AndroidManifest.xml:50:25-92
250            </intent-filter>
251        </receiver>
252    </application>
253
254</manifest>